-------------------------------------------------------------------------------
Test set: citrus.HttpRESTStubTests
-------------------------------------------------------------------------------
Tests run: 101, Failures: 0, Errors: 3, Skipped: 0, Time elapsed: 3.1 s <<< FAILURE! - in citrus.HttpRESTStubTests
citrus.HttpRESTStubTests.getAllUsersStubTest  Time elapsed: 0.225 s  <<< ERROR!
com.consol.citrus.exceptions.TestCaseFailedException: MatchesValidationMatcher failed for field '$.[0].name'. Received value is 'Mrs. Phil Rogahn', control value is '^[a-zA-Z\s]*$'
	at citrus.HttpRESTStubTests.getAllUsersStubTest(HttpRESTStubTests.java:41)
Caused by: com.consol.citrus.exceptions.ValidationException: MatchesValidationMatcher failed for field '$.[0].name'. Received value is 'Mrs. Phil Rogahn', control value is '^[a-zA-Z\s]*$'
	at citrus.HttpRESTStubTests.getAllUsersStubTest(HttpRESTStubTests.java:41)

citrus.HttpRESTStubTests.getUserStubParametrizedTest(int)[52]  Time elapsed: 0.009 s  <<< ERROR!
com.consol.citrus.exceptions.TestCaseFailedException: MatchesValidationMatcher failed for field 'name'. Received value is 'Benito O'Keefe', control value is '^[a-zA-Z\s\.]*$'
	at citrus.HttpRESTStubTests.getUserStubParametrizedTest(HttpRESTStubTests.java:94)
Caused by: com.consol.citrus.exceptions.ValidationException: MatchesValidationMatcher failed for field 'name'. Received value is 'Benito O'Keefe', control value is '^[a-zA-Z\s\.]*$'
	at citrus.HttpRESTStubTests.getUserStubParametrizedTest(HttpRESTStubTests.java:94)

citrus.HttpRESTStubTests.getUserStubParametrizedTest(int)[99]  Time elapsed: 0.009 s  <<< ERROR!
com.consol.citrus.exceptions.TestCaseFailedException: MatchesValidationMatcher failed for field 'name'. Received value is 'Kareem O'Conner', control value is '^[a-zA-Z\s\.]*$'
	at citrus.HttpRESTStubTests.getUserStubParametrizedTest(HttpRESTStubTests.java:94)
Caused by: com.consol.citrus.exceptions.ValidationException: MatchesValidationMatcher failed for field 'name'. Received value is 'Kareem O'Conner', control value is '^[a-zA-Z\s\.]*$'
	at citrus.HttpRESTStubTests.getUserStubParametrizedTest(HttpRESTStubTests.java:94)

